C51 COMPILER V9.60.0.0   MAIN                                                              12/18/2023 17:44:27 PAGE 1   


C51 COMPILER V9.60.0.0, COMPILATION OF MODULE MAIN
OBJECT MODULE PLACED IN .\Output\main.obj
COMPILER INVOKED BY: C:\Keil_v5\C51\BIN\C51.EXE ..\main.c LARGE OMF2 OPTIMIZE(7,SPEED) BROWSE INCDIR(..\..\..\..\Library
                    -\Device\Include;..\..\..\..\Library\StdDriver\inc) DEBUG PRINT(.\LST\main.lst) TABS(2) OBJECT(.\Output\main.obj)

line level    source

   1          #include "MS51_16K.h"
   2          
   3          uint16_t tick16timermS;
   4          
   5          void set_Timer_0(unsigned int);
   6          uint16_t millis(void);
   7          uint16_t temp = 0;
   8          uint16_t ctr = 0;
   9            uint16_t databuff;
  10          void set_Timer_0 (unsigned int value)
  11          {
  12   1        TL0 = (value & 0x00FF); 
  13   1        TH0 = ((value & 0xFF00) >> 8);
  14   1      }
  15          
  16          uint16_t millis(void)
  17          {
  18   1        return tick16timermS;
  19   1      }
  20          
  21          void test()
  22          {
  23   1      
  24   1      //  temp = millis();
  25   1        temp = tick16timermS;
  26   1        databuff = temp - ctr;
  27   1        if( databuff >= 1000 )
  28   1        {
  29   2          P12^=1;
  30   2          printf("tick16timermS : %u \t Temp : %u \t Ctr : %u \t Diff : %u \t ",tick16timermS,temp,ctr,(tick16time
             -rmS-ctr));
  31   2          ctr = temp;
  32   2          printf("New Ctr : %u\n",ctr);
  33   2          P12^=1;
  34   2        }
  35   1        if (temp > 64000)
  36   1        {
  37   2          tick16timermS = 0;
  38   2        }
  39   1      }
  40          
  41          void Timer0_ISR (void) interrupt 1  //1ms
  42          {
  43   1      
  44   1        _push_(SFRS);
  45   1        TR0=0;
  46   1        set_Timer_0(63536);
  47   1        TF0 = 0 ;
  48   1        TR0= 1;
  49   1        
  50   1        tick16timermS++;
  51   1      
  52   1        _pop_(SFRS);
  53   1      }
C51 COMPILER V9.60.0.0   MAIN                                                              12/18/2023 17:44:27 PAGE 2   

  54          
  55          void main (void) 
  56          {
  57   1        MODIFY_HIRC(HIRC_24);
  58   1        P12_PUSHPULL_MODE;
  59   1        
  60   1        P06_PUSHPULL_MODE;
  61   1        UART_Open(24000000,UART0_Timer3,115200);
  62   1        ENABLE_UART0_PRINTF;
  63   1      
  64   1        ENABLE_TIMER0_MODE1;
  65   1        TIMER0_FSYS_DIV12;
  66   1        set_Timer_0(63536);
  67   1        ENABLE_TIMER0_INTERRUPT;
  68   1        set_TCON_TR0;
  69   1        
  70   1        ENABLE_GLOBAL_INTERRUPT;
  71   1        
  72   1        printf("Project Started\r\n");
  73   1        
  74   1        while(1)
  75   1        {
  76   2          test();
  77   2        }
  78   1      }


MODULE INFORMATION:   STATIC OVERLAYABLE
   CODE SIZE        =    382    ----
   CONSTANT SIZE    =     89    ----
   XDATA SIZE       =      8    ----
   PDATA SIZE       =   ----    ----
   DATA SIZE        =   ----    ----
   IDATA SIZE       =   ----    ----
   BIT SIZE         =   ----    ----
   EDATA SIZE       =   ----    ----
   HDATA SIZE       =   ----    ----
   XDATA CONST SIZE =   ----    ----
   FAR CONST SIZE   =   ----    ----
END OF MODULE INFORMATION.


C51 COMPILATION COMPLETE.  0 WARNING(S),  0 ERROR(S)
