C51 COMPILER V9.60.0.0   UART                                                              12/18/2023 17:44:27 PAGE 1   


C51 COMPILER V9.60.0.0, COMPILATION OF MODULE UART
OBJECT MODULE PLACED IN .\Output\uart.obj
COMPILER INVOKED BY: C:\Keil_v5\C51\BIN\C51.EXE ..\..\..\..\Library\StdDriver\src\uart.c LARGE OMF2 OPTIMIZE(7,SPEED) BR
                    -OWSE INCDIR(..\..\..\..\Library\Device\Include;..\..\..\..\Library\StdDriver\inc) DEBUG PRINT(.\LST\uart.lst) TABS(2) OB
                    -JECT(.\Output\uart.obj)

line level    source

   1          /*--------------------------------------------------------------------------------------------------------
             --*/
   2          /*                                                                                                        
             - */
   3          /* SPDX-License-Identifier: Apache-2.0                                                                    
             - */
   4          /* Copyright(c) 2022 Nuvoton Technology Corp. All rights reserved.                                        
             - */
   5          /*                                                                                                        
             - */
   6          /*--------------------------------------------------------------------------------------------------------
             --*/
   7          #include "ms51_16k.h"
   8          
   9           bit PRINTFG = 0, uart0_receive_flag = 0, uart1_receive_flag;
  10          unsigned char uart0_receive_data, uart1_receive_data;
  11          
  12          
  13          #if 0 
              void Serial_ISR(void) interrupt 4
              {
                  _push_(SFRS);
                
                  if (RI)
                  {
                      uart0_receive_flag = 1;
                      uart0_receive_data = SBUF;
                      clr_SCON_RI;                                         // Clear RI (Receive Interrupt).
                  }
              
                  if (TI)
                  {
                      if (!PRINTFG)
                      {
                          TI = 0;
                      }
                  }
              
                  _pop_(SFRS);
              }
              
              void SerialPort1_ISR(void) interrupt 15
              {
                  _push_(SFRS);
                
                  if (RI_1)
                  {
                      uart1_receive_data = SBUF_1;
                      uart1_receive_flag = 1;
                      clr_SCON_1_RI_1;                             /* clear reception flag for next reception */
                  }
              
                  if (TI_1 == 1)
C51 COMPILER V9.60.0.0   UART                                                              12/18/2023 17:44:27 PAGE 2   

                  {
                      if (!PRINTFG)
                      {
                          clr_SCON_1_TI_1;                             /* if emission occur */
                      }
                  }
              
                  _pop_(SFRS);
              }
              #endif 
  58          
  59          /*MS51 new version buadrate */
  60          void UART_Open(unsigned long u32SysClock, unsigned char u8UARTPort,unsigned long u32Baudrate)
  61          {
  62   1        switch(u8UARTPort)
  63   1        {
  64   2          case UART0_Timer1:
  65   2                SCON = 0x50;       //UART0 Mode1,REN=1,TI=1
  66   2                TMOD |= 0x20;      //Timer1 Mode1
  67   2                set_PCON_SMOD;          //UART0 Double Rate Enable
  68   2                set_CKCON_T1M;
  69   2                clr_T3CON_BRCK;          //Serial port 0 baud rate clock source = Timer1
  70   2                TH1 = 256 - (u32SysClock/16/u32Baudrate);
  71   2                set_TCON_TR1;
  72   2            break;
  73   2            
  74   2            case UART0_Timer3:
  75   2                SCON = 0x50;     //UART0 Mode1,REN=1,TI=1
  76   2                set_PCON_SMOD;        //UART0 Double Rate Enable
  77   2                T3CON &= 0xF8;   //T3PS2=0,T3PS1=0,T3PS0=0(Prescale=1)
  78   2                set_T3CON_BRCK;        //UART0 baud rate clock source = Timer3
  79   2                RH3    = HIBYTE(65536 - (u32SysClock/16/u32Baudrate));  
  80   2                RL3    = LOBYTE(65536 - (u32SysClock/16/u32Baudrate));  
  81   2                set_T3CON_TR3;         //Trigger Timer3
  82   2            break;
  83   2            
  84   2            case UART1_Timer3:
  85   2                SCON_1 = 0x50;     //UART1 Mode1,REN_1=1,TI_1=1
  86   2                T3CON = 0x80;     //T3PS2=0,T3PS1=0,T3PS0=0(Prescale=1), UART1 in MODE 1
  87   2                RH3    = HIBYTE(65536 - (u32SysClock/16/u32Baudrate));  
  88   2                RL3    = LOBYTE(65536 - (u32SysClock/16/u32Baudrate));     
  89   2                set_T3CON_TR3;             //Trigger Timer3                                                     
             -        
  90   2            break; 
  91   2        }
  92   1      }
  93          
  94          #if 0 
              unsigned char Receive_Data(unsigned char UARTPort)
              {
                  UINT8 c;
                  switch (UARTPort)
                  {
                    case UART0:
                      while (!RI);
                      c = SBUF;
                      RI = 0;
                    break;
                    case UART1:
                      while (!RI_1);
                      c = SBUF_1;
                      RI_1 = 0;
C51 COMPILER V9.60.0.0   UART                                                              12/18/2023 17:44:27 PAGE 3   

                    break;
                  }
                  return (c);
              }
              #endif
 114          
 115          void UART_Send_Data(unsigned char UARTPort, unsigned char c)
 116          {
 117   1          _push_(SFRS);
 118   1          SFRS = 0;
 119   1          switch (UARTPort)
 120   1          {
 121   2              case UART0:
 122   2                TI=0;
 123   2                SBUF = c;
 124   2                while(!TI);
 125   2              break;
 126   2              case UART1:
 127   2                TI_1=0;
 128   2                SBUF_1 = c;
 129   2                while(TI_1);
 130   2              break;
 131   2          }
 132   1          _pop_(SFRS);
 133   1      }
 134          
 135          void Enable_UART0_VCOM_printf_24M_115200(void)
 136          {
 137   1          P06_QUASI_MODE;
 138   1          UART_Open(24000000,UART0_Timer1,115200);
 139   1          ENABLE_UART0_PRINTF;
 140   1      }


MODULE INFORMATION:   STATIC OVERLAYABLE
   CODE SIZE        =    513    ----
   CONSTANT SIZE    =   ----    ----
   XDATA SIZE       =      2       9
   PDATA SIZE       =   ----    ----
   DATA SIZE        =   ----    ----
   IDATA SIZE       =   ----    ----
   BIT SIZE         =      3    ----
   EDATA SIZE       =   ----    ----
   HDATA SIZE       =   ----    ----
   XDATA CONST SIZE =   ----    ----
   FAR CONST SIZE   =   ----    ----
END OF MODULE INFORMATION.


C51 COMPILATION COMPLETE.  0 WARNING(S),  0 ERROR(S)
